d:\progetti\cloverclient-injectable\dll\cloverclient\cloverclient\x64\debug\cloverclient.pch
d:\progetti\cloverclient-injectable\dll\cloverclient\cloverclient\x64\debug\vc145.pdb
d:\progetti\cloverclient-injectable\dll\cloverclient\cloverclient\x64\debug\vc145.idb
d:\progetti\cloverclient-injectable\dll\cloverclient\cloverclient\x64\debug\pch.obj
d:\progetti\cloverclient-injectable\dll\cloverclient\cloverclient\x64\debug\dllmain.obj
d:\progetti\cloverclient-injectable\dll\cloverclient\x64\debug\cloverclient.dll
d:\progetti\cloverclient-injectable\dll\cloverclient\x64\debug\cloverclient.pdb
d:\progetti\cloverclient-injectable\dll\cloverclient\cloverclient\x64\debug\cloverclient.res
d:\progetti\cloverclient-injectable\dll\cloverclient\cloverclient\x64\debug\cloverclient.ilk
d:\progetti\cloverclient-injectable\dll\cloverclient\cloverclient\x64\debug\cloverclient.tlog\cl.command.1.tlog
d:\progetti\cloverclient-injectable\dll\cloverclient\cloverclient\x64\debug\cloverclient.tlog\cl.items.tlog
d:\progetti\cloverclient-injectable\dll\cloverclient\cloverclient\x64\debug\cloverclient.tlog\cl.read.1.tlog
d:\progetti\cloverclient-injectable\dll\cloverclient\cloverclient\x64\debug\cloverclient.tlog\cl.write.1.tlog
d:\progetti\cloverclient-injectable\dll\cloverclient\cloverclient\x64\debug\cloverclient.tlog\link.command.1.tlog
d:\progetti\cloverclient-injectable\dll\cloverclient\cloverclient\x64\debug\cloverclient.tlog\link.read.1.tlog
d:\progetti\cloverclient-injectable\dll\cloverclient\cloverclient\x64\debug\cloverclient.tlog\link.secondary.1.tlog
d:\progetti\cloverclient-injectable\dll\cloverclient\cloverclient\x64\debug\cloverclient.tlog\link.write.1.tlog
d:\progetti\cloverclient-injectable\dll\cloverclient\cloverclient\x64\debug\cloverclient.tlog\rc.command.1.tlog
d:\progetti\cloverclient-injectable\dll\cloverclient\cloverclient\x64\debug\cloverclient.tlog\rc.read.1.tlog
d:\progetti\cloverclient-injectable\dll\cloverclient\cloverclient\x64\debug\cloverclient.tlog\rc.write.1.tlog
